Arguments: 
  /Users/idiosync/.nvm/versions/node/v14.15.1/bin/node /Users/idiosync/.nvm/versions/node/v14.15.1/bin/yarn publish

PATH: 
  /Users/idiosync/.rbenv/shims:/Users/idiosync/.rbenv/shims:/Users/idiosync/.nvm/versions/node/v14.15.1/bin:/Users/idiosync/google-cloud-sdk/bin:/usr/local/opt/ruby/bin:/Users/idiosync/platform-tools/:/usr/local/bin:/usr/bin:/bin:/usr/sbin:/sbin:/Library/Apple/usr/bin:/Users/idiosync/.rbenv/shims:/Users/idiosync/.nvm/versions/node/v14.15.1/bin:/Users/idiosync/google-cloud-sdk/bin:/usr/local/opt/ruby/bin:/Users/idiosync/platform-tools/

Yarn version: 
  1.22.10

Node version: 
  14.15.1

Platform: 
  darwin x64

Trace: 
  SyntaxError: /Users/idiosync/projects/react-native-modal/package.json: Unexpected token } in JSON at position 223
      at JSON.parse (<anonymous>)
      at /Users/idiosync/.nvm/versions/node/v14.15.1/lib/node_modules/yarn/lib/cli.js:1625:59
      at Generator.next (<anonymous>)
      at step (/Users/idiosync/.nvm/versions/node/v14.15.1/lib/node_modules/yarn/lib/cli.js:310:30)
      at /Users/idiosync/.nvm/versions/node/v14.15.1/lib/node_modules/yarn/lib/cli.js:321:13

npm manifest: 
  {
    "name": "@idiosync/react-native-modal",
    "version": "1.0.2",
    "description": "A cross platform pure js modal implimentaion",
    "main": "lib/index.js",
    "types": "lib/index.d.ts",
    "scripts": {
      "build": "tsc",
    },
    "contributors": [
      "James Trickey <james.trickeyd@gmail.com>"
    ],
    "repository": {
      "type": "git",
      "url": "https://github.com/trickeyd/react-native-modal.git"
    },
    "keywords": [
      "react",
      "react-native",
      "modal",
      "modals",
      "ios",
      "android"
    ],
    "files": [
      "lib/**/*"
    ],
    "moduleFileExtensions": [
      "ts",
      "tsx",
      "js"
    ],
    "author": "James Trickey (Idiosync Ltd)",
    "license": "MIT",
    "peerDependencies": {
      "react": "^16.9.0",
      "react-native": "^0.61.0"
    },
    "dependencies": {
      "uuid": "^8.3.2"
    },
    "devDependencies": {
      "@types/react": "^16.9.0",
      "@types/react-native": "^0.61.00",
      "typescript": "^3.7.5"
    }
  }

yarn manifest: 
  No manifest

Lockfile: 
  # THIS IS AN AUTOGENERATED FILE. DO NOT EDIT THIS FILE DIRECTLY.
  # yarn lockfile v1
  
  
  "@types/prop-types@*":
    version "15.7.4"
    resolved "https://registry.yarnpkg.com/@types/prop-types/-/prop-types-15.7.4.tgz#fcf7205c25dff795ee79af1e30da2c9790808f11"
    integrity sha512-rZ5drC/jWjrArrS8BR6SIr4cWpW09RNTYt9AMZo3Jwwif+iacXAqgVjm0B0Bv/S1jhDXKHqRVNCbACkJ89RAnQ==
  
  "@types/react-native@^0.61.00":
    version "0.61.23"
    resolved "https://registry.yarnpkg.com/@types/react-native/-/react-native-0.61.23.tgz#bff4e0311c229a5203eb37aacd4febf59f3e2980"
    integrity sha512-upHmySsrVBDBokWWhYIKkKnpvadsHdioSjbBTu4xl7fjN0yb94KR5ngUOBXsyqAYqQzF+hP6qpvobG9M7Jr6hw==
    dependencies:
      "@types/react" "*"
  
  "@types/react@*":
    version "17.0.15"
    resolved "https://registry.yarnpkg.com/@types/react/-/react-17.0.15.tgz#c7533dc38025677e312606502df7656a6ea626d0"
    integrity sha512-uTKHDK9STXFHLaKv6IMnwp52fm0hwU+N89w/p9grdUqcFA6WuqDyPhaWopbNyE1k/VhgzmHl8pu1L4wITtmlLw==
    dependencies:
      "@types/prop-types" "*"
      "@types/scheduler" "*"
      csstype "^3.0.2"
  
  "@types/react@^16.9.0":
    version "16.14.11"
    resolved "https://registry.yarnpkg.com/@types/react/-/react-16.14.11.tgz#992a0cd4b66b9f27315042b5d96e976717368f04"
    integrity sha512-Don0MtsZZ3fjwTJ2BsoqkyOy7e176KplEAKOpr/4XDdzinlyJBn9yfsKn5mcSgn4kh1B22+3tBnzBC1z63ybtQ==
    dependencies:
      "@types/prop-types" "*"
      "@types/scheduler" "*"
      csstype "^3.0.2"
  
  "@types/scheduler@*":
    version "0.16.2"
    resolved "https://registry.yarnpkg.com/@types/scheduler/-/scheduler-0.16.2.tgz#1a62f89525723dde24ba1b01b092bf5df8ad4d39"
    integrity sha512-hppQEBDmlwhFAXKJX2KnWLYu5yMfi91yazPb2l+lbJiwW+wdo1gNeRA+3RgNSO39WYX2euey41KEwnqesU2Jew==
  
  commander@^2.20.0:
    version "2.20.3"
    resolved "https://registry.yarnpkg.com/commander/-/commander-2.20.3.tgz#fd485e84c03eb4881c20722ba48035e8531aeb33"
    integrity sha512-GpVkmM8vF2vQUkj2LvZmD35JxeJOLCwJ9cUkugyk2nuhbv3+mJvpLYYt+0+USMxE+oj+ey/lJEnhZw75x/OMcQ==
  
  csstype@^3.0.2:
    version "3.0.8"
    resolved "https://registry.yarnpkg.com/csstype/-/csstype-3.0.8.tgz#d2266a792729fb227cd216fb572f43728e1ad340"
    integrity sha512-jXKhWqXPmlUeoQnF/EhTtTl4C9SnrxSH/jZUih3jmO6lBKr99rP3/+FmrMj4EFpOXzMtXHAZkd3x0E6h6Fgflw==
  
  executioner@^2.0.1:
    version "2.0.1"
    resolved "https://registry.yarnpkg.com/executioner/-/executioner-2.0.1.tgz#add328e03bc45dd598f358fbb529fc0be0ec6fcd"
    integrity sha1-rdMo4DvEXdWY81j7tSn8C+Dsb80=
    dependencies:
      mixly "^1.0.0"
  
  fulcon@^1.0.1:
    version "1.0.2"
    resolved "https://registry.yarnpkg.com/fulcon/-/fulcon-1.0.2.tgz#8a4dfda4c73fcd9cc62a79d5045c392b45547320"
    integrity sha1-ik39pMc/zZzGKnnVBFw5K0VUcyA=
  
  install-peers-cli@^2.2.0:
    version "2.2.0"
    resolved "https://registry.yarnpkg.com/install-peers-cli/-/install-peers-cli-2.2.0.tgz#f76f1ec8ac9fa7f920c05743e011554edad85f8d"
    integrity sha512-scSNvF49HDOLNm2xLFwST23g/OvfsceiA087bcGBgZP/ZNCrvpSaCn5IrWNZ2XYmFFykXF/6J1Zgm+D/JgRgtA==
    dependencies:
      commander "^2.20.0"
      executioner "^2.0.1"
  
  mixly@^1.0.0:
    version "1.0.0"
    resolved "https://registry.yarnpkg.com/mixly/-/mixly-1.0.0.tgz#9b5a2e1f63e6dfba0d30e6797ffae62ab1dc24ef"
    integrity sha1-m1ouH2Pm37oNMOZ5f/rmKrHcJO8=
    dependencies:
      fulcon "^1.0.1"
  
  typescript@^3.7.5:
    version "3.9.10"
    resolved "https://registry.yarnpkg.com/typescript/-/typescript-3.9.10.tgz#70f3910ac7a51ed6bef79da7800690b19bf778b8"
    integrity sha512-w6fIxVE/H1PkLKcCPsFqKE7Kv7QUwhU8qQY2MueZXWx5cPZdwFupLgKK3vntcK98BtNHZtAF4LA/yl2a7k8R6Q==
  
  uuid@^8.3.2:
    version "8.3.2"
    resolved "https://registry.yarnpkg.com/uuid/-/uuid-8.3.2.tgz#80d5b5ced271bb9af6c445f21a1a04c606cefbe2"
    integrity sha512-+NYs2QeMWy+GWFOEm9xnn6HCDp0l7QBD7ml8zLUmJ+93Q5NF0NocErnwkTkXVFNiX3/fpC6afS8Dhb/gz7R7eg==
